<?xml version="1.0" encoding="utf-8"?><testsuites name="pytest tests"><testsuite name="pytest" errors="0" failures="0" skipped="0" tests="25" time="109.954" timestamp="2026-05-18T22:36:46.467435+00:00" hostname="agent-env-24902dde-fdda-47bb-8e06-ce18d342076d"><testcase classname="tests.test_die_backend.TestHealth" name="test_health_ok" time="0.239" /><testcase classname="tests.test_die_backend.TestOntology" name="test_ontology_shape" time="0.049" /><testcase classname="tests.test_die_backend.TestAssessmentCRUD" name="test_create_assessment" time="0.047" /><testcase classname="tests.test_die_backend.TestAssessmentCRUD" name="test_get_assessment" time="0.100" /><testcase classname="tests.test_die_backend.TestAssessmentCRUD" name="test_get_unknown_404" time="0.061" /><testcase classname="tests.test_die_backend.TestAssessmentCRUD" name="test_patch_initiative_and_evidence" time="0.148" /><testcase classname="tests.test_die_backend.TestScoringEmpty" name="test_empty_evidence_blocked" time="0.096" /><testcase classname="tests.test_die_backend.TestScoringDemoEvidence" name="test_demo_evidence_scoring" time="0.147" /><testcase classname="tests.test_die_backend.TestBlockerLogic" name="test_no_technical_owner_downgrades_tier" time="0.147" /><testcase classname="tests.test_die_backend.TestDemoSeed" name="test_seed_demo_endpoint" time="16.455" /><testcase classname="tests.test_die_backend.TestDemoSeed" name="test_demo_current" time="0.052" /><testcase classname="tests.test_die_backend.TestReportLLM" name="test_generate_report_for_demo_evidence" time="21.410" /><testcase classname="tests.test_die_backend.TestReportLLM" name="test_get_report_404_if_not_generated" time="0.097" /><testcase classname="tests.test_die_backend.TestShareCreate" name="test_create_share_link_returns_required_fields" time="22.604" /><testcase classname="tests.test_die_backend.TestShareCreate" name="test_create_share_link_is_idempotent" time="0.112" /><testcase classname="tests.test_die_backend.TestShareCreate" name="test_share_404_if_no_report" time="0.106" /><testcase classname="tests.test_die_backend.TestShareCreate" name="test_executive_abstract_content_quality" time="0.047" /><testcase classname="tests.test_die_backend.TestShareCreate" name="test_share_expires_in_days_persists" time="21.814" /><testcase classname="tests.test_die_backend.TestSharedGet" name="test_get_shared_returns_full_payload" time="0.105" /><testcase classname="tests.test_die_backend.TestSharedGet" name="test_get_shared_increments_view_count" time="0.205" /><testcase classname="tests.test_die_backend.TestSharedGet" name="test_get_shared_404_invalid_token" time="0.049" /><testcase classname="tests.test_die_backend.TestShareTelemetry" name="test_get_share_404_when_no_link_exists" time="0.094" /><testcase classname="tests.test_die_backend.TestShareTelemetry" name="test_get_share_returns_metadata_shape" time="0.100" /><testcase classname="tests.test_die_backend.TestShareTelemetry" name="test_get_share_no_side_effects" time="0.142" /><testcase classname="tests.test_die_backend.TestShareTelemetry" name="test_get_share_reflects_shared_traffic" time="25.455" /></testsuite></testsuites>