<?xml version="1.0" encoding="utf-8"?><testsuites name="pytest tests"><testsuite name="pytest" errors="0" failures="0" skipped="0" tests="13" time="23.060" timestamp="2026-05-18T21:10:18.961354+00:00" hostname="agent-env-24902dde-fdda-47bb-8e06-ce18d342076d"><testcase classname="tests.test_die_backend.TestHealth" name="test_health_ok" time="0.245" /><testcase classname="tests.test_die_backend.TestOntology" name="test_ontology_shape" time="0.055" /><testcase classname="tests.test_die_backend.TestAssessmentCRUD" name="test_create_assessment" time="0.070" /><testcase classname="tests.test_die_backend.TestAssessmentCRUD" name="test_get_assessment" time="0.163" /><testcase classname="tests.test_die_backend.TestAssessmentCRUD" name="test_get_unknown_404" time="0.063" /><testcase classname="tests.test_die_backend.TestAssessmentCRUD" name="test_patch_initiative_and_evidence" time="0.191" /><testcase classname="tests.test_die_backend.TestScoringEmpty" name="test_empty_evidence_blocked" time="0.123" /><testcase classname="tests.test_die_backend.TestScoringDemoEvidence" name="test_demo_evidence_scoring" time="0.190" /><testcase classname="tests.test_die_backend.TestBlockerLogic" name="test_no_technical_owner_downgrades_tier" time="0.189" /><testcase classname="tests.test_die_backend.TestDemoSeed" name="test_seed_demo_endpoint" time="0.530" /><testcase classname="tests.test_die_backend.TestDemoSeed" name="test_demo_current" time="0.059" /><testcase classname="tests.test_die_backend.TestReportLLM" name="test_generate_report_for_demo_evidence" time="20.810" /><testcase classname="tests.test_die_backend.TestReportLLM" name="test_get_report_404_if_not_generated" time="0.124" /></testsuite></testsuites>