<?xml version="1.0" encoding="utf-8"?><testsuites name="pytest tests"><testsuite name="pytest" errors="0" failures="0" skipped="0" tests="21" time="94.706" timestamp="2026-05-18T21:44:48.092823+00:00" hostname="agent-env-24902dde-fdda-47bb-8e06-ce18d342076d"><testcase classname="tests.test_die_backend.TestHealth" name="test_health_ok" time="0.203" /><testcase classname="tests.test_die_backend.TestOntology" name="test_ontology_shape" time="0.066" /><testcase classname="tests.test_die_backend.TestAssessmentCRUD" name="test_create_assessment" time="0.063" /><testcase classname="tests.test_die_backend.TestAssessmentCRUD" name="test_get_assessment" time="0.141" /><testcase classname="tests.test_die_backend.TestAssessmentCRUD" name="test_get_unknown_404" time="0.077" /><testcase classname="tests.test_die_backend.TestAssessmentCRUD" name="test_patch_initiative_and_evidence" time="0.206" /><testcase classname="tests.test_die_backend.TestScoringEmpty" name="test_empty_evidence_blocked" time="0.145" /><testcase classname="tests.test_die_backend.TestScoringDemoEvidence" name="test_demo_evidence_scoring" time="0.201" /><testcase classname="tests.test_die_backend.TestBlockerLogic" name="test_no_technical_owner_downgrades_tier" time="0.207" /><testcase classname="tests.test_die_backend.TestDemoSeed" name="test_seed_demo_endpoint" time="22.355" /><testcase classname="tests.test_die_backend.TestDemoSeed" name="test_demo_current" time="0.063" /><testcase classname="tests.test_die_backend.TestReportLLM" name="test_generate_report_for_demo_evidence" time="23.103" /><testcase classname="tests.test_die_backend.TestReportLLM" name="test_get_report_404_if_not_generated" time="0.132" /><testcase classname="tests.test_die_backend.TestShareCreate" name="test_create_share_link_returns_required_fields" time="20.609" /><testcase classname="tests.test_die_backend.TestShareCreate" name="test_create_share_link_is_idempotent" time="0.132" /><testcase classname="tests.test_die_backend.TestShareCreate" name="test_share_404_if_no_report" time="0.147" /><testcase classname="tests.test_die_backend.TestShareCreate" name="test_executive_abstract_content_quality" time="0.062" /><testcase classname="tests.test_die_backend.TestShareCreate" name="test_share_expires_in_days_persists" time="26.229" /><testcase classname="tests.test_die_backend.TestSharedGet" name="test_get_shared_returns_full_payload" time="0.143" /><testcase classname="tests.test_die_backend.TestSharedGet" name="test_get_shared_increments_view_count" time="0.281" /><testcase classname="tests.test_die_backend.TestSharedGet" name="test_get_shared_404_invalid_token" time="0.063" /></testsuite></testsuites>